# JRE version: OpenJDK Runtime Environment (8.0_152-b01) (build 1.8.0_152-release-915-b01)
# Java VM: OpenJDK 64-Bit Server VM (25.152-b01 mixed mode windows-amd64 compressed oops)
Heap:
 PSYoungGen      total 268288K, used 31492K [0x00000000e0000000, 0x00000000f4f00000, 0x0000000100000000)
  eden space 241152K, 10% used [0x00000000e0000000,0x00000000e1791560,0x00000000eeb80000)
  from space 27136K, 27% used [0x00000000eeb80000,0x00000000ef2afe20,0x00000000f0600000)
  to   space 19456K, 0% used [0x00000000f0600000,0x00000000f0600000,0x00000000f1900000)
 ParOldGen       total 83968K, used 56251K [0x00000000a0000000, 0x00000000a5200000, 0x00000000e0000000)
  object space 83968K, 66% used [0x00000000a0000000,0x00000000a36eedb0,0x00000000a5200000)
 Metaspace       used 54236K, capacity 55364K, committed 55384K, reserved 1097728K
  class space    used 6247K, capacity 6516K, committed 6528K, reserved 1048576K
GC Heap History (10 events):
Event: 16.950 GC heap before
{Heap before GC invocations=14 (full 3):
 PSYoungGen      total 170496K, used 160768K [0x00000000e0000000, 0x00000000ed900000, 0x0000000100000000)
  eden space 160768K, 100% used [0x00000000e0000000,0x00000000e9d00000,0x00000000e9d00000)
  from space 9728K, 0% used [0x00000000ecf80000,0x00000000ecf80000,0x00000000ed900000)
  to   space 16896K, 0% used [0x00000000eb800000,0x00000000eb800000,0x00000000ec880000)
 ParOldGen       total 83968K, used 26806K [0x00000000a0000000, 0x00000000a5200000, 0x00000000e0000000)
  object space 83968K, 31% used [0x00000000a0000000,0x00000000a1a2db18,0x00000000a5200000)
 Metaspace       used 39101K, capacity 39758K, committed 40152K, reserved 1085440K
  class space    used 4626K, capacity 4777K, committed 4864K, reserved 1048576K
Event: 16.982 GC heap after
Heap after GC invocations=14 (full 3):
 PSYoungGen      total 205312K, used 16883K [0x00000000e0000000, 0x00000000f1900000, 0x0000000100000000)
  eden space 188416K, 0% used [0x00000000e0000000,0x00000000e0000000,0x00000000eb800000)
  from space 16896K, 99% used [0x00000000eb800000,0x00000000ec87cf40,0x00000000ec880000)
  to   space 19456K, 0% used [0x00000000f0600000,0x00000000f0600000,0x00000000f1900000)
 ParOldGen       total 83968K, used 28325K [0x00000000a0000000, 0x00000000a5200000, 0x00000000e0000000)
  object space 83968K, 33% used [0x00000000a0000000,0x00000000a1ba9658,0x00000000a5200000)
 Metaspace       used 39101K, capacity 39758K, committed 40152K, reserved 1085440K
  class space    used 4626K, capacity 4777K, committed 4864K, reserved 1048576K
}
Event: 18.863 GC heap before
{Heap before GC invocations=15 (full 3):
 PSYoungGen      total 205312K, used 190938K [0x00000000e0000000, 0x00000000f1900000, 0x0000000100000000)
  eden space 188416K, 92% used [0x00000000e0000000,0x00000000ea9f9ab8,0x00000000eb800000)
  from space 16896K, 99% used [0x00000000eb800000,0x00000000ec87cf40,0x00000000ec880000)
  to   space 19456K, 0% used [0x00000000f0600000,0x00000000f0600000,0x00000000f1900000)
 ParOldGen       total 83968K, used 28325K [0x00000000a0000000, 0x00000000a5200000, 0x00000000e0000000)
  object space 83968K, 33% used [0x00000000a0000000,0x00000000a1ba9658,0x00000000a5200000)
 Metaspace       used 42638K, capacity 43422K, committed 43608K, reserved 1087488K
  class space    used 5224K, capacity 5409K, committed 5504K, reserved 1048576K
Event: 18.904 GC heap after
Heap after GC invocations=15 (full 3):
 PSYoungGen      total 260608K, used 19432K [0x00000000e0000000, 0x00000000f4f00000, 0x0000000100000000)
  eden space 241152K, 0% used [0x00000000e0000000,0x00000000e0000000,0x00000000eeb80000)
  from space 19456K, 99% used [0x00000000f0600000,0x00000000f18fa3f0,0x00000000f1900000)
  to   space 27136K, 0% used [0x00000000eeb80000,0x00000000eeb80000,0x00000000f0600000)
 ParOldGen       total 83968K, used 41965K [0x00000000a0000000, 0x00000000a5200000, 0x00000000e0000000)
  object space 83968K, 49% used [0x00000000a0000000,0x00000000a28fb728,0x00000000a5200000)
 Metaspace       used 42638K, capacity 43422K, committed 43608K, reserved 1087488K
  class space    used 5224K, capacity 5409K, committed 5504K, reserved 1048576K
}
Event: 19.057 GC heap before
{Heap before GC invocations=16 (full 3):
 PSYoungGen      total 260608K, used 245585K [0x00000000e0000000, 0x00000000f4f00000, 0x0000000100000000)
  eden space 241152K, 93% used [0x00000000e0000000,0x00000000edcda380,0x00000000eeb80000)
  from space 19456K, 99% used [0x00000000f0600000,0x00000000f18fa3f0,0x00000000f1900000)
  to   space 27136K, 0% used [0x00000000eeb80000,0x00000000eeb80000,0x00000000f0600000)
 ParOldGen       total 83968K, used 41965K [0x00000000a0000000, 0x00000000a5200000, 0x00000000e0000000)
  object space 83968K, 49% used [0x00000000a0000000,0x00000000a28fb728,0x00000000a5200000)
 Metaspace       used 43522K, capacity 44300K, committed 44504K, reserved 1087488K
  class space    used 5344K, capacity 5522K, committed 5632K, reserved 1048576K
Event: 19.087 GC heap after
Heap after GC invocations=16 (full 3):
 PSYoungGen      total 268288K, used 11359K [0x00000000e0000000, 0x00000000f4f00000, 0x0000000100000000)
  eden space 241152K, 0% used [0x00000000e0000000,0x00000000e0000000,0x00000000eeb80000)
  from space 27136K, 41% used [0x00000000eeb80000,0x00000000ef697ef8,0x00000000f0600000)
  to   space 19456K, 0% used [0x00000000f0600000,0x00000000f0600000,0x00000000f1900000)
 ParOldGen       total 83968K, used 48271K [0x00000000a0000000, 0x00000000a5200000, 0x00000000e0000000)
  object space 83968K, 57% used [0x00000000a0000000,0x00000000a2f23fe0,0x00000000a5200000)
 Metaspace       used 43522K, capacity 44300K, committed 44504K, reserved 1087488K
  class space    used 5344K, capacity 5522K, committed 5632K, reserved 1048576K
}
Event: 26.210 GC heap before
{Heap before GC invocations=17 (full 3):
 PSYoungGen      total 268288K, used 252511K [0x00000000e0000000, 0x00000000f4f00000, 0x0000000100000000)
  eden space 241152K, 100% used [0x00000000e0000000,0x00000000eeb80000,0x00000000eeb80000)
  from space 27136K, 41% used [0x00000000eeb80000,0x00000000ef697ef8,0x00000000f0600000)
  to   space 19456K, 0% used [0x00000000f0600000,0x00000000f0600000,0x00000000f1900000)
 ParOldGen       total 83968K, used 48271K [0x00000000a0000000, 0x00000000a5200000, 0x00000000e0000000)
  object space 83968K, 57% used [0x00000000a0000000,0x00000000a2f23fe0,0x00000000a5200000)
 Metaspace       used 51831K, capacity 52886K, committed 53208K, reserved 1095680K
  class space    used 6071K, capacity 6299K, committed 6400K, reserved 1048576K
Event: 26.242 GC heap after
Heap after GC invocations=17 (full 3):
 PSYoungGen      total 260608K, used 15589K [0x00000000e0000000, 0x00000000f4f00000, 0x0000000100000000)
  eden space 241152K, 0% used [0x00000000e0000000,0x00000000e0000000,0x00000000eeb80000)
  from space 19456K, 80% used [0x00000000f0600000,0x00000000f1539458,0x00000000f1900000)
  to   space 27136K, 0% used [0x00000000eeb80000,0x00000000eeb80000,0x00000000f0600000)
 ParOldGen       total 83968K, used 48600K [0x00000000a0000000, 0x00000000a5200000, 0x00000000e0000000)
  object space 83968K, 57% used [0x00000000a0000000,0x00000000a2f76000,0x00000000a5200000)
 Metaspace       used 51831K, capacity 52886K, committed 53208K, reserved 1095680K
  class space    used 6071K, capacity 6299K, committed 6400K, reserved 1048576K
}
Event: 120.089 GC heap before
{Heap before GC invocations=18 (full 3):
 PSYoungGen      total 260608K, used 256741K [0x00000000e0000000, 0x00000000f4f00000, 0x0000000100000000)
  eden space 241152K, 100% used [0x00000000e0000000,0x00000000eeb80000,0x00000000eeb80000)
  from space 19456K, 80% used [0x00000000f0600000,0x00000000f1539458,0x00000000f1900000)
  to   space 27136K, 0% used [0x00000000eeb80000,0x00000000eeb80000,0x00000000f0600000)
 ParOldGen       total 83968K, used 48600K [0x00000000a0000000, 0x00000000a5200000, 0x00000000e0000000)
  object space 83968K, 57% used [0x00000000a0000000,0x00000000a2f76000,0x00000000a5200000)
 Metaspace       used 54078K, capacity 55236K, committed 55384K, reserved 1097728K
  class space    used 6231K, capacity 6516K, committed 6528K, reserved 1048576K
Event: 120.109 GC heap after
Heap after GC invocations=18 (full 3):
 PSYoungGen      total 268288K, used 7359K [0x00000000e0000000, 0x00000000f4f00000, 0x0000000100000000)
  eden space 241152K, 0% used [0x00000000e0000000,0x00000000e0000000,0x00000000eeb80000)
  from space 27136K, 27% used [0x00000000eeb80000,0x00000000ef2afe20,0x00000000f0600000)
  to   space 19456K, 0% used [0x00000000f0600000,0x00000000f0600000,0x00000000f1900000)
 ParOldGen       total 83968K, used 56251K [0x00000000a0000000, 0x00000000a5200000, 0x00000000e0000000)
  object space 83968K, 66% used [0x00000000a0000000,0x00000000a36eedb0,0x00000000a5200000)
 Metaspace       used 54078K, capacity 55236K, committed 55384K, reserved 1097728K
  class space    used 6231K, capacity 6516K, committed 6528K, reserved 1048576K
}

